<?xml version="1.0" encoding="UTF-8"?>
<!-- Generated by org.testng.reporters.JUnitReportReporter -->
<testsuite hostname="Sasikumar" failures="0" tests="1" name="org.psa.Test" time="4.044" errors="0" timestamp="2025-09-01T22:07:36 IST" skipped="0">
  <testcase classname="org.psa.Test" name="loginFunctionality" time="4.044"/>
</testsuite> <!-- org.psa.Test -->
