<?xml version="1.0" encoding="UTF-8"?>
<!-- Generated by org.testng.reporters.JUnitReportReporter -->
<testsuite hostname="Sasikumar" failures="0" tests="1" name="org.psa.Test" time="0.013" errors="0" timestamp="2025-09-01T12:29:24 IST" skipped="0">
  <testcase classname="org.psa.Test" name="testName" time="0.013"/>
</testsuite> <!-- org.psa.Test -->
